<?xml version="1.0" encoding="UTF-8"?>
<!-- Generated by org.testng.reporters.JUnitReportReporter -->
<testsuite hostname="LAPTOP-KBV6SF0Q" failures="0" tests="1" name="testCases.TC_003_AccountSettingUpdate" time="23.522" errors="0" timestamp="2024-12-09T15:21:11 IST" skipped="0">
  <testcase classname="testCases.TC_003_AccountSettingUpdate" name="test_accountsettingUpdate" time="23.522"/>
</testsuite> <!-- testCases.TC_003_AccountSettingUpdate -->
