<?xml version="1.0" encoding="UTF-8"?>
<!-- Generated by org.testng.reporters.JUnitReportReporter -->
<testsuite hostname="LAPTOP-KBV6SF0Q" failures="0" tests="1" name="testCases.TC_002_EmotionalWillPage" time="45.163" errors="0" timestamp="2024-12-09T15:13:00 IST" skipped="0">
  <testcase classname="testCases.TC_002_EmotionalWillPage" name="testEmotionalWill" time="45.163"/>
</testsuite> <!-- testCases.TC_002_EmotionalWillPage -->
