<?xml version="1.0" encoding="UTF-8"?>
<!-- Generated by org.testng.reporters.JUnitReportReporter -->
<testsuite hostname="LAPTOP-KBV6SF0Q" failures="0" tests="1" name="testCases.AppTest" time="20.832" errors="0" timestamp="2024-12-08T21:33:25 IST" skipped="0">
  <testcase classname="testCases.AppTest" name="testEmailEx" time="20.832"/>
</testsuite> <!-- testCases.AppTest -->
