<?xml version="1.0" encoding="UTF-8"?>
<!-- Generated by org.testng.reporters.JUnitReportReporter -->
<testsuite hostname="LAPTOP-KBV6SF0Q" failures="0" tests="1" name="testCases.TC_001_LoginTest" time="21.960" errors="0" timestamp="2024-12-09T17:02:59 IST" skipped="0">
  <testcase classname="testCases.TC_001_LoginTest" name="testLogin" time="21.960"/>
</testsuite> <!-- testCases.TC_001_LoginTest -->
